<?xml version="1.0" encoding="UTF-8"?>
<!-- Generated by org.testng.reporters.JUnitXMLReporter -->
<testsuite ignored="1" hostname="DESKTOP-KV0L4EE" failures="0" tests="1" name="Test2" time="9.297" errors="0" timestamp="2022-09-15T09:51:57 IST">
  <testcase classname="TestClass.PinPageVerify" name="verifypinno" time="3.174"/>
  <testcase classname="TestClass.PinPageVerify" name="checkuseridonpinPage" time="0.0">
    <ignored/>
  </testcase> <!-- checkuseridonpinPage -->
</testsuite> <!-- Test2 -->
