<?xml version="1.0" encoding="UTF-8"?>
<!-- Generated by org.testng.reporters.JUnitXMLReporter -->
<testsuite ignored="0" hostname="DESKTOP-KV0L4EE" failures="0" tests="3" name="Test1" time="10.832" errors="0" timestamp="2022-09-15T09:51:47 IST">
  <testcase classname="TestClass.LoginPage1" name="verifyuser" time="0.177"/>
  <testcase classname="TestClass.LoginPage1" name="verifypass" time="2.72"/>
  <testcase classname="TestClass.LoginPage1" name="verifyloginbtn" time="2.642"/>
</testsuite> <!-- Test1 -->
