<?xml version="1.0" encoding="UTF-8"?>
<!-- Generated by org.testng.reporters.JUnitXMLReporter -->
<testsuite ignored="1" hostname="DESKTOP-KV0L4EE" failures="0" tests="1" name="Default test" time="10.07" errors="0" timestamp="2022-09-15T09:45:51 IST">
  <testcase classname="TestClass.PinPageVerify" name="verifypinno" time="3.192"/>
  <testcase classname="TestClass.PinPageVerify" name="checkuseridonpinPage" time="0.0">
    <ignored/>
  </testcase> <!-- checkuseridonpinPage -->
</testsuite> <!-- Default test -->
