<?xml version="1.0" encoding="UTF-8"?>
<testng-results ignored="1" total="5" passed="4" failed="0" skipped="0">
  <reporter-output>
    <line>
      <![CDATA[..........open browser......]]>
    </line>
    <line>
      <![CDATA[..........open browser......]]>
    </line>
    <line>
      <![CDATA[..........open browser......]]>
    </line>
  </reporter-output>
  <suite started-at="2022-09-15T09:51:36 IST" name="RegressionSuite" finished-at="2022-09-15T09:51:57 IST" duration-ms="20159">
    <groups>
    </groups>
    <test started-at="2022-09-15T09:51:36 IST" name="Test1" finished-at="2022-09-15T09:51:47 IST" duration-ms="10832">
      <class name="TestClass.LoginPage1">
        <test-method is-config="true" signature="lauchbrowser()[pri:0, instance:TestClass.LoginPage1@f5ac9e4]" started-at="2022-09-15T09:51:36 IST" name="lauchbrowser" finished-at="2022-09-15T09:51:41 IST" duration-ms="4768" status="PASS">
          <reporter-output>
          </reporter-output>
        </test-method> <!-- lauchbrowser -->
        <test-method is-config="true" signature="loginapp()[pri:0, instance:TestClass.LoginPage1@f5ac9e4]" started-at="2022-09-15T09:51:41 IST" name="loginapp" finished-at="2022-09-15T09:51:41 IST" duration-ms="1" status="PASS">
          <reporter-output>
            <line>
              <![CDATA[..........open browser......]]>
            </line>
          </reporter-output>
        </test-method> <!-- loginapp -->
        <test-method signature="verifyuser()[pri:1, instance:TestClass.LoginPage1@f5ac9e4]" started-at="2022-09-15T09:51:41 IST" name="verifyuser" finished-at="2022-09-15T09:51:41 IST" duration-ms="177" status="PASS">
          <reporter-output>
          </reporter-output>
        </test-method> <!-- verifyuser -->
        <test-method is-config="true" signature="screenshot()[pri:0, instance:TestClass.LoginPage1@f5ac9e4]" started-at="2022-09-15T09:51:41 IST" name="screenshot" finished-at="2022-09-15T09:51:42 IST" duration-ms="172" status="PASS">
          <reporter-output>
          </reporter-output>
        </test-method> <!-- screenshot -->
        <test-method is-config="true" signature="loginapp()[pri:0, instance:TestClass.LoginPage1@f5ac9e4]" started-at="2022-09-15T09:51:42 IST" name="loginapp" finished-at="2022-09-15T09:51:42 IST" duration-ms="1" status="PASS">
          <reporter-output>
            <line>
              <![CDATA[..........open browser......]]>
            </line>
          </reporter-output>
        </test-method> <!-- loginapp -->
        <test-method signature="verifypass()[pri:2, instance:TestClass.LoginPage1@f5ac9e4]" started-at="2022-09-15T09:51:42 IST" name="verifypass" finished-at="2022-09-15T09:51:44 IST" duration-ms="2720" status="PASS">
          <reporter-output>
          </reporter-output>
        </test-method> <!-- verifypass -->
        <test-method is-config="true" signature="screenshot()[pri:0, instance:TestClass.LoginPage1@f5ac9e4]" started-at="2022-09-15T09:51:44 IST" name="screenshot" finished-at="2022-09-15T09:51:45 IST" duration-ms="159" status="PASS">
          <reporter-output>
          </reporter-output>
        </test-method> <!-- screenshot -->
        <test-method is-config="true" signature="loginapp()[pri:0, instance:TestClass.LoginPage1@f5ac9e4]" started-at="2022-09-15T09:51:45 IST" name="loginapp" finished-at="2022-09-15T09:51:45 IST" duration-ms="2" status="PASS">
          <reporter-output>
            <line>
              <![CDATA[..........open browser......]]>
            </line>
          </reporter-output>
        </test-method> <!-- loginapp -->
        <test-method signature="verifyloginbtn()[pri:3, instance:TestClass.LoginPage1@f5ac9e4]" started-at="2022-09-15T09:51:45 IST" name="verifyloginbtn" finished-at="2022-09-15T09:51:47 IST" duration-ms="2642" status="PASS">
          <reporter-output>
          </reporter-output>
        </test-method> <!-- verifyloginbtn -->
        <test-method is-config="true" signature="screenshot()[pri:0, instance:TestClass.LoginPage1@f5ac9e4]" started-at="2022-09-15T09:51:47 IST" name="screenshot" finished-at="2022-09-15T09:51:47 IST" duration-ms="141" status="PASS">
          <reporter-output>
          </reporter-output>
        </test-method> <!-- screenshot -->
      </class> <!-- TestClass.LoginPage1 -->
    </test> <!-- Test1 -->
    <test started-at="2022-09-15T09:51:47 IST" name="Test2" finished-at="2022-09-15T09:51:57 IST" duration-ms="9297">
      <class name="TestClass.PinPageVerify">
        <test-method is-config="true" signature="luachbrowser()[pri:0, instance:TestClass.PinPageVerify@478190fc]" started-at="2022-09-15T09:51:47 IST" name="luachbrowser" finished-at="2022-09-15T09:51:52 IST" duration-ms="4557" status="PASS">
          <reporter-output>
          </reporter-output>
        </test-method> <!-- luachbrowser -->
        <test-method is-config="true" signature="LoginApp()[pri:0, instance:TestClass.PinPageVerify@478190fc]" started-at="2022-09-15T09:51:52 IST" name="LoginApp" finished-at="2022-09-15T09:51:53 IST" duration-ms="1251" status="PASS">
          <reporter-output>
          </reporter-output>
        </test-method> <!-- LoginApp -->
        <test-method signature="verifypinno()[pri:0, instance:TestClass.PinPageVerify@478190fc]" started-at="2022-09-15T09:51:53 IST" name="verifypinno" finished-at="2022-09-15T09:51:56 IST" duration-ms="3174" status="PASS">
          <reporter-output>
          </reporter-output>
        </test-method> <!-- verifypinno -->
        <test-method is-config="true" signature="takescreenshot()[pri:0, instance:TestClass.PinPageVerify@478190fc]" started-at="2022-09-15T09:51:56 IST" name="takescreenshot" finished-at="2022-09-15T09:51:57 IST" duration-ms="175" status="PASS">
          <reporter-output>
          </reporter-output>
        </test-method> <!-- takescreenshot -->
        <test-method is-config="true" signature="closeapp()[pri:0, instance:TestClass.PinPageVerify@478190fc]" started-at="2022-09-15T09:51:57 IST" name="closeapp" finished-at="2022-09-15T09:51:57 IST" duration-ms="134" status="PASS">
          <reporter-output>
          </reporter-output>
        </test-method> <!-- closeapp -->
      </class> <!-- TestClass.PinPageVerify -->
    </test> <!-- Test2 -->
  </suite> <!-- RegressionSuite -->
</testng-results>
