<?xml version="1.0" encoding="UTF-8"?>
<!-- Generated by org.testng.reporters.JUnitXMLReporter -->
<testsuite ignored="0" hostname="DESKTOP-KV0L4EE" failures="0" tests="3" name="Test" time="11.366" errors="0" timestamp="2022-09-07T14:53:12 IST">
  <testcase classname="TestClass.LoginPage1" name="verifyuser" time="0.13"/>
  <testcase classname="TestClass.LoginPage1" name="verifypass" time="2.183"/>
  <testcase classname="TestClass.LoginPage1" name="verifyloginbtn" time="2.101"/>
</testsuite> <!-- Test -->
